C:\USERS\STURGEDL\DOCUMENTS\GIT\OPENCLRAYTRACER\PARALLELSUMOPENCL\PARALLELSUMOPENCL\DEBUG\PARALLELSUMOPENCL.OBJ
C:\USERS\STURGEDL\DOCUMENTS\GIT\OPENCLRAYTRACER\PARALLELSUMOPENCL\PARALLELSUMOPENCL\DEBUG\STDAFX.OBJ
C:\USERS\STURGEDL\DOCUMENTS\GIT\OPENCLRAYTRACER\PARALLELSUMOPENCL\PARALLELSUMOPENCL\DEBUG\VC110.PDB
C:\USERS\STURGEDL\DOCUMENTS\GIT\OPENCLRAYTRACER\PARALLELSUMOPENCL\DEBUG\PARALLELSUMOPENCL.ILK
C:\USERS\STURGEDL\DOCUMENTS\GIT\OPENCLRAYTRACER\PARALLELSUMOPENCL\DEBUG\PARALLELSUMOPENCL.EXE
C:\USERS\STURGEDL\DOCUMENTS\GIT\OPENCLRAYTRACER\PARALLELSUMOPENCL\DEBUG\PARALLELSUMOPENCL.PDB
C:\Users\sturgedl\Documents\git\openclraytracer\ParallelSumOpenCL\ParallelSumOpenCL\Debug\ParallelSumOpenCL.obj
C:\Users\sturgedl\Documents\git\openclraytracer\ParallelSumOpenCL\ParallelSumOpenCL\Debug\stdafx.obj
C:\Users\sturgedl\Documents\git\openclraytracer\ParallelSumOpenCL\ParallelSumOpenCL\Debug\cl.command.1.tlog
C:\Users\sturgedl\Documents\git\openclraytracer\ParallelSumOpenCL\ParallelSumOpenCL\Debug\CL.read.1.tlog
C:\Users\sturgedl\Documents\git\openclraytracer\ParallelSumOpenCL\ParallelSumOpenCL\Debug\CL.write.1.tlog
C:\Users\sturgedl\Documents\git\openclraytracer\ParallelSumOpenCL\ParallelSumOpenCL\Debug\link-cvtres.read.1.tlog
C:\Users\sturgedl\Documents\git\openclraytracer\ParallelSumOpenCL\ParallelSumOpenCL\Debug\link-cvtres.write.1.tlog
C:\Users\sturgedl\Documents\git\openclraytracer\ParallelSumOpenCL\ParallelSumOpenCL\Debug\link-rc.read.1.tlog
C:\Users\sturgedl\Documents\git\openclraytracer\ParallelSumOpenCL\ParallelSumOpenCL\Debug\link-rc.write.1.tlog
C:\Users\sturgedl\Documents\git\openclraytracer\ParallelSumOpenCL\ParallelSumOpenCL\Debug\link.command.1.tlog
C:\Users\sturgedl\Documents\git\openclraytracer\ParallelSumOpenCL\ParallelSumOpenCL\Debug\link.read.1.tlog
C:\Users\sturgedl\Documents\git\openclraytracer\ParallelSumOpenCL\ParallelSumOpenCL\Debug\link.write.1.tlog
C:\Users\sturgedl\Documents\git\openclraytracer\ParallelSumOpenCL\ParallelSumOpenCL\Debug\vc110.idb
C:\Users\sturgedl\Documents\git\openclraytracer\ParallelSumOpenCL\ParallelSumOpenCL\Debug\vc110.pdb
C:\Users\sturgedl\Documents\git\openclraytracer\ParallelSumOpenCL\Debug\ParallelSumOpenCL.pdb
C:\Users\sturgedl\Documents\git\openclraytracer\ParallelSumOpenCL\Debug\ParallelSumOpenCL.exe
C:\Users\sturgedl\Documents\git\openclraytracer\ParallelSumOpenCL\Debug\ParallelSumOpenCL.ilk
